<?xml version="1.0" encoding="UTF-8"?>
<!-- Generated by org.testng.reporters.JUnitReportReporter -->
<testsuite hostname="DESKTOP-0N88LAP" failures="0" tests="1" name="com.qa.tests.TC_Amazon_002" time="9.551" errors="0" timestamp="2021-03-09T12:25:54 IST" skipped="0">
  <testcase classname="com.qa.tests.TC_Amazon_002" name="registrationPage" time="9.551"/>
  <system-out/>
</testsuite> <!-- com.qa.tests.TC_Amazon_002 -->
