<?xml version="1.0" encoding="UTF-8"?>
<!-- Generated by org.testng.reporters.JUnitReportReporter -->
<testsuite hostname="DESKTOP-0N88LAP" failures="0" tests="3" name="com.qa.tests.TC_Amazon_001" time="49.415" errors="0" timestamp="2021-03-09T12:18:29 IST" skipped="0">
  <testcase classname="com.qa.tests.TC_Amazon_001" name="searchItem" time="10.639"/>
  <system-out/>
  <testcase classname="com.qa.tests.TC_Amazon_001" name="searchItem" time="20.437"/>
  <system-out/>
  <testcase classname="com.qa.tests.TC_Amazon_001" name="searchItem" time="18.339"/>
  <system-out/>
</testsuite> <!-- com.qa.tests.TC_Amazon_001 -->
