<?xml version="1.0" encoding="UTF-8"?>
<!-- Generated by org.testng.reporters.JUnitReportReporter -->
<testsuite hostname="DESKTOP-0N88LAP" failures="0" tests="1" name="com.qa.testscripts.TC_AmazonSearchPOMDemo" time="51.447" errors="0" timestamp="2021-03-09T09:16:24 IST" skipped="0">
  <testcase classname="com.qa.testscripts.TC_AmazonSearchPOMDemo" name="SeachItem" time="51.447"/>
  <system-out/>
</testsuite> <!-- com.qa.testscripts.TC_AmazonSearchPOMDemo -->
