<?xml version="1.0" encoding="UTF-8"?>
<!-- Generated by org.testng.reporters.JUnitReportReporter -->
<testsuite hostname="DESKTOP-0N88LAP" failures="0" tests="1" name="com.qa.tests.TC_Amazon_003" time="28.726" errors="0" timestamp="2021-03-09T12:33:09 IST" skipped="0">
  <testcase classname="com.qa.tests.TC_Amazon_003" name="amazonCareers" time="28.726"/>
  <system-out>
Careers  </system-out>
</testsuite> <!-- com.qa.tests.TC_Amazon_003 -->
