<?xml version="1.0" encoding="UTF-8"?>
<!-- Generated by org.testng.reporters.JUnitReportReporter -->
<testsuite hostname="DESKTOP-0N88LAP" failures="0" tests="3" name="com.qa.tests.TC_Amazon_001" time="91.227" errors="0" timestamp="2021-03-09T13:34:26 IST" skipped="0">
  <testcase classname="com.qa.tests.TC_Amazon_001" name="searchItem" time="63.825"/>
  <system-out/>
  <testcase classname="com.qa.tests.TC_Amazon_001" name="searchItem" time="11.186"/>
  <system-out/>
  <testcase classname="com.qa.tests.TC_Amazon_001" name="searchItem" time="16.216"/>
  <system-out/>
</testsuite> <!-- com.qa.tests.TC_Amazon_001 -->
