<?xml version="1.0" encoding="UTF-8"?>
<!-- Generated by org.testng.reporters.JUnitReportReporter -->
<testsuite hostname="DESKTOP-0N88LAP" failures="0" tests="8" name="com.qa.testscripts.TestNGAnnotationDemo" time="0.131" errors="0" timestamp="2021-03-09T11:31:46 IST" skipped="1">
  <testcase classname="com.qa.testscripts.TestNGAnnotationDemo" name="addPayee" time="0.051"/>
  <system-out>
I am add Payee method  </system-out>
  <testcase classname="com.qa.testscripts.TestNGAnnotationDemo" name="fundTransfer" time="0.014"/>
  <system-out>
I am Fund transfer method  </system-out>
  <testcase classname="com.qa.testscripts.TestNGAnnotationDemo" name="fundTransfer" time="0.018"/>
  <system-out>
I am Fund transfer method  </system-out>
  <testcase classname="com.qa.testscripts.TestNGAnnotationDemo" name="fundTransfer" time="0.008"/>
  <system-out>
I am Fund transfer method  </system-out>
  <testcase classname="com.qa.testscripts.TestNGAnnotationDemo" name="UtilityBillPayment" time="0.016"/>
  <system-out>
I am Utility Bill Payment  </system-out>
  <testcase classname="com.qa.testscripts.TestNGAnnotationDemo" name="PayHealthInsurance" time="0.009"/>
  <system-out>
I am Pay Health Insurance method  </system-out>
  <testcase classname="com.qa.testscripts.TestNGAnnotationDemo" name="PayCarInsurance" time="0.015"/>
  <system-out>
I am Car Insurance method  </system-out>
  <testcase classname="com.qa.testscripts.TestNGAnnotationDemo" name="CreditCardBillPayment">
    <skipped/>
  </testcase> <!-- CreditCardBillPayment -->
  <system-out/>
</testsuite> <!-- com.qa.testscripts.TestNGAnnotationDemo -->
